#
# There is insufficient memory for the Java Runtime Environment to continue.
# Native memory allocation (mmap) failed to map 67108864 bytes for Failed to commit area from 0x00000000fc000000 to 0x0000000100000000 of length 67108864.
# Possible reasons:
#   The system is out of physical RAM or swap space
#   The process is running with CompressedOops enabled, and the Java Heap may be blocking the growth of the native heap
# Possible solutions:
#   Reduce memory load on the system
#   Increase physical memory or swap space
#   Check if swap backing store is full
#   Decrease Java heap size (-Xmx/-Xms)
#   Decrease number of Java threads
#   Decrease Java thread stack sizes (-Xss)
#   Set larger code cache with -XX:ReservedCodeCacheSize=
# This output file may be truncated or incomplete.
#
#  Out of Memory Error (./src/hotspot/os/windows/os_windows.cpp:3386), pid=16868, tid=8288
#
# JRE version:  (11.0.18+10) (build )
# Java VM: OpenJDK 64-Bit Server VM (11.0.18+10-LTS, mixed mode, sharing, tiered, compressed oops, g1 gc, windows-amd64)
# No core dump will be written. Minidumps are not enabled by default on client versions of Windows
#

---------------  S U M M A R Y ------------

Command Line: -Xmx64m -Xms64m -Dorg.gradle.appname=gradlew org.gradle.wrapper.GradleWrapperMain app:installDebug -PreactNativeDevServerPort=8081

Host: Intel(R) Core(TM) i5-8350U CPU @ 1.70GHz, 8 cores, 7G,  Windows 10 , 64 bit Build 19041 (10.0.19041.2546)
Time: Sun Feb 19 00:19:46 2023 Pakistan Standard Time elapsed time: 0.036030 seconds (0d 0h 0m 0s)

---------------  T H R E A D  ---------------

Current thread (0x000001e8859df800):  JavaThread "Unknown thread" [_thread_in_vm, id=8288, stack(0x000000ce34300000,0x000000ce34400000)]

Stack: [0x000000ce34300000,0x000000ce34400000]
Native frames: (J=compiled Java code, j=interpreted, Vv=VM code, C=native code)
V  [jvm.dll+0x62bf8a]
V  [jvm.dll+0x7b8fb9]
V  [jvm.dll+0x7ba6a8]
V  [jvm.dll+0x7bad83]
V  [jvm.dll+0x250248]
V  [jvm.dll+0x62929a]
V  [jvm.dll+0x61d855]
V  [jvm.dll+0x30c32c]
V  [jvm.dll+0x30c1b2]
V  [jvm.dll+0x310ec6]
V  [jvm.dll+0x356f0f]
V  [jvm.dll+0x356940]
V  [jvm.dll+0x2e9348]
V  [jvm.dll+0x2ea4a6]
V  [jvm.dll+0x792e07]
V  [jvm.dll+0x79458f]
V  [jvm.dll+0x363c69]
V  [jvm.dll+0x775d70]
V  [jvm.dll+0x3d297f]
V  [jvm.dll+0x3d4d11]
C  [jli.dll+0x5207]
C  [ucrtbase.dll+0x21bb2]
C  [KERNEL32.DLL+0x17614]
C  [ntdll.dll+0x526a1]


---------------  P R O C E S S  ---------------

Threads class SMR info:
_java_thread_list=0x000001e8838dde50, length=0, elements={
}

Java Threads: ( => current thread )

Other Threads:
  0x000001e8859f8000 GCTaskThread "GC Thread#0" [stack: 0x000000ce34400000,0x000000ce34500000] [id=21296]
  0x000001e885a00800 ConcurrentGCThread "G1 Main Marker" [stack: 0x000000ce34500000,0x000000ce34600000] [id=19624]
  0x000001e885a02000 ConcurrentGCThread "G1 Conc#0" [stack: 0x000000ce34600000,0x000000ce34700000] [id=19848]

[error occurred during error reporting (printing all threads), id 0xc0000005, EXCEPTION_ACCESS_VIOLATION (0xc0000005) at pc=0x00007ffb81f08b17]

VM state:not at safepoint (not fully initialized)

VM Mutex/Monitor currently owned by a thread:  ([mutex/lock_event])
[0x000001e8859db430] Heap_lock - owner thread: 0x000001e8859df800

Heap address: 0x00000000fc000000, size: 64 MB, Compressed Oops mode: Non-zero based: 0x00000000fc000000
Narrow klass base: 0x0000000000000000, Narrow klass shift: 0

GC Heap History (0 events):
No events

Deoptimization events (0 events):
No events

Classes redefined (0 events):
No events

Internal exceptions (0 events):
No events

Events (1 events):
Event: 0.024 Loaded shared library C:\Program Files\Microsoft\jdk-11.0.18.10-hotspot\bin\zip.dll


Dynamic libraries:
0x00007ff6af500000 - 0x00007ff6af50d000 	C:\Program Files\Microsoft\jdk-11.0.18.10-hotspot\bin\java.exe
0x00007ffbdee30000 - 0x00007ffbdf028000 	C:\Windows\SYSTEM32\ntdll.dll
0x00007ffbde700000 - 0x00007ffbde7bf000 	C:\Windows\System32\KERNEL32.DLL
0x00007ffbdc520000 - 0x00007ffbdc7f2000 	C:\Windows\System32\KERNELBASE.dll
0x00007ffbdcc50000 - 0x00007ffbdcd50000 	C:\Windows\System32\ucrtbase.dll
0x00007ffbb3f90000 - 0x00007ffbb3fa7000 	C:\Program Files\Microsoft\jdk-11.0.18.10-hotspot\bin\jli.dll
0x00007ffbde460000 - 0x00007ffbde601000 	C:\Windows\System32\USER32.dll
0x00007ffbc6990000 - 0x00007ffbc6c2a000 	C:\Windows\WinSxS\amd64_microsoft.windows.common-controls_6595b64144ccf1df_6.0.19041.1110_none_60b5254171f9507e\COMCTL32.dll
0x00007ffbdc920000 - 0x00007ffbdc942000 	C:\Windows\System32\win32u.dll
0x00007ffbddf00000 - 0x00007ffbddf9e000 	C:\Windows\System32\msvcrt.dll
0x00007ffbde6b0000 - 0x00007ffbde6db000 	C:\Windows\System32\GDI32.dll
0x00007ffbb3da0000 - 0x00007ffbb3db5000 	C:\Program Files\Microsoft\jdk-11.0.18.10-hotspot\bin\VCRUNTIME140.dll
0x00007ffbdc9e0000 - 0x00007ffbdcaef000 	C:\Windows\System32\gdi32full.dll
0x00007ffbdcdd0000 - 0x00007ffbdce6d000 	C:\Windows\System32\msvcp_win.dll
0x00007ffbde670000 - 0x00007ffbde6a2000 	C:\Windows\System32\IMM32.DLL
0x00007ffba64f0000 - 0x00007ffba658b000 	C:\Program Files\Microsoft\jdk-11.0.18.10-hotspot\bin\msvcp140.dll
0x00007ffb81c10000 - 0x00007ffb827a2000 	C:\Program Files\Microsoft\jdk-11.0.18.10-hotspot\bin\server\jvm.dll
0x00007ffbde3b0000 - 0x00007ffbde45e000 	C:\Windows\System32\ADVAPI32.dll
0x00007ffbde310000 - 0x00007ffbde3ac000 	C:\Windows\System32\sechost.dll
0x00007ffbdd600000 - 0x00007ffbdd725000 	C:\Windows\System32\RPCRT4.dll
0x00007ffbdcf80000 - 0x00007ffbdcf88000 	C:\Windows\System32\PSAPI.DLL
0x00007ffbc2d90000 - 0x00007ffbc2db7000 	C:\Windows\SYSTEM32\WINMM.dll
0x00007ffbd3030000 - 0x00007ffbd303a000 	C:\Windows\SYSTEM32\VERSION.dll
0x00007ffbc3910000 - 0x00007ffbc3919000 	C:\Windows\SYSTEM32\WSOCK32.dll
0x00007ffbdd730000 - 0x00007ffbdd79b000 	C:\Windows\System32\WS2_32.dll
0x00007ffbdad70000 - 0x00007ffbdad82000 	C:\Windows\SYSTEM32\kernel.appcore.dll
0x00007ffbbc470000 - 0x00007ffbbc480000 	C:\Program Files\Microsoft\jdk-11.0.18.10-hotspot\bin\verify.dll
0x00007ffbda2f0000 - 0x00007ffbda4d4000 	C:\Windows\SYSTEM32\DBGHELP.DLL
0x00007ffbc7970000 - 0x00007ffbc79a5000 	C:\Windows\SYSTEM32\dbgcore.DLL
0x00007ffbdc950000 - 0x00007ffbdc9d2000 	C:\Windows\System32\bcryptPrimitives.dll
0x00007ffbb3a70000 - 0x00007ffbb3a98000 	C:\Program Files\Microsoft\jdk-11.0.18.10-hotspot\bin\java.dll
0x00007ffbbc420000 - 0x00007ffbbc42a000 	C:\Program Files\Microsoft\jdk-11.0.18.10-hotspot\bin\jimage.dll
0x00007ffbb3d30000 - 0x00007ffbb3d48000 	C:\Program Files\Microsoft\jdk-11.0.18.10-hotspot\bin\zip.dll

dbghelp: loaded successfully - version: 4.0.5 - missing functions: none
symbol engine: initialized successfully - sym options: 0x614 - pdb path: .;C:\Program Files\Microsoft\jdk-11.0.18.10-hotspot\bin;C:\Windows\SYSTEM32;C:\Windows\WinSxS\amd64_microsoft.windows.common-controls_6595b64144ccf1df_6.0.19041.1110_none_60b5254171f9507e;C:\Program Files\Microsoft\jdk-11.0.18.10-hotspot\bin\server

VM Arguments:
jvm_args: -Xmx64m -Xms64m -Dorg.gradle.appname=gradlew 
java_command: org.gradle.wrapper.GradleWrapperMain app:installDebug -PreactNativeDevServerPort=8081
java_class_path (initial): D:\ReactNative\RN Project\GB\android\\gradle\wrapper\gradle-wrapper.jar
Launcher Type: SUN_STANDARD

[Global flags]
     intx CICompilerCount                          = 4                                         {product} {ergonomic}
     uint ConcGCThreads                            = 2                                         {product} {ergonomic}
     uint G1ConcRefinementThreads                  = 8                                         {product} {ergonomic}
   size_t G1HeapRegionSize                         = 1048576                                   {product} {ergonomic}
    uintx GCDrainStackTargetSize                   = 64                                        {product} {ergonomic}
   size_t InitialHeapSize                          = 67108864                                  {product} {command line}
   size_t MarkStackSize                            = 4194304                                   {product} {ergonomic}
   size_t MaxHeapSize                              = 67108864                                  {product} {command line}
   size_t MinHeapDeltaBytes                        = 1048576                                   {product} {ergonomic}
    uintx NonNMethodCodeHeapSize                   = 5836300                                {pd product} {ergonomic}
    uintx NonProfiledCodeHeapSize                  = 122910970                              {pd product} {ergonomic}
    uintx ProfiledCodeHeapSize                     = 122910970                              {pd product} {ergonomic}
    uintx ReservedCodeCacheSize                    = 251658240                              {pd product} {ergonomic}
     bool SegmentedCodeCache                       = true                                      {product} {ergonomic}
     bool UseCompressedClassPointers               = true                                 {lp64_product} {ergonomic}
     bool UseCompressedOops                        = true                                 {lp64_product} {ergonomic}
     bool UseG1GC                                  = true                                      {product} {ergonomic}
     bool UseLargePagesIndividualAllocation        = false                                  {pd product} {ergonomic}

Logging:
Log output configuration:
 #0: stdout all=warning uptime,level,tags
 #1: stderr all=off uptime,level,tags

Environment Variables:
JAVA_HOME=C:\Program Files\Microsoft\jdk-11.0.18.10-hotspot\
CLASSPATH=D:\ReactNative\RN Project\GB\android\\gradle\wrapper\gradle-wrapper.jar
PATH=D:\ReactNative\RN Project\GB\android\node_modules\.bin;D:\ReactNative\RN Project\GB\node_modules\.bin;D:\ReactNative\RN Project\node_modules\.bin;D:\ReactNative\node_modules\.bin;D:\node_modules\.bin;C:\Program Files\nodejs;D:\ReactNative\RN Project\GB\node_modules\.bin;D:\ReactNative\RN Project\GB\node_modules\.bin;D:\ReactNative\RN Project\node_modules\.bin;D:\ReactNative\node_modules\.bin;D:\node_modules\.bin;C:\Program Files\nodejs\node_modules\npm\node_modules\@npmcli\run-script\lib\node-gyp-bin;D:\ReactNative\RN Project\GB\node_modules\.bin;D:\ReactNative\RN Project\node_modules\.bin;D:\ReactNative\node_modules\.bin;D:\node_modules\.bin;C:\Program Files\nodejs;D:\ReactNative\RN Project\GB\node_modules\.bin;D:\ReactNative\RN Project\GB\node_modules\.bin;D:\ReactNative\RN Project\node_modules\.bin;D:\ReactNative\node_modules\.bin;D:\node_modules\.bin;C:\Program Files\nodejs\node_modules\npm\node_modules\@npmcli\run-script\lib\node-gyp-bin;C:\Program Files\Microsoft\jdk-11.0.18.10-hotspot\bin;C:\Program Files\Eclipse Adoptium\jdk-11.0.18.10-hotspot\bin;C:\Python311\Scripts\;C:\Python311\;C:\Windows\system32;C:\Windows;C:\Windows\System32\Wbem;C:\Windows\System32\WindowsPowerShell\v1.0\;C:\Windows\System32\OpenSSH\;C:\Program Files\Git\cmd;C:\ProgramData\chocolatey\bin;C:\Program Files\dotnet\;C:\Program Files\nodejs\;C:\Users\AyzZ\AppData\Local\Microsoft\WindowsApps;C:\Users\AyzZ\AppData\Local\Programs\Microsoft VS Code\bin;C:\Users\AyzZ\AppData\Local\Android\Sdk\platform-tools;C:\Users\AyzZ\AppData\Roaming\npm
USERNAME=AyzZ
LANG=en_US.UTF-8
OS=Windows_NT
PROCESSOR_IDENTIFIER=Intel64 Family 6 Model 142 Stepping 10, GenuineIntel
TMP=C:\Users\AyzZ\AppData\Local\Temp
TEMP=C:\Users\AyzZ\AppData\Local\Temp



---------------  S Y S T E M  ---------------

OS: Windows 10 , 64 bit Build 19041 (10.0.19041.2546)
OS uptime: 16 days 4:58 hours

CPU:total 8 (initial active 8) (4 cores per cpu, 2 threads per core) family 6 model 142 stepping 10 microcode 0xea, cmov, cx8, fxsr, mmx, sse, sse2, sse3, ssse3, sse4.1, sse4.2, popcnt, avx, avx2, aes, clmul, erms, rtm, 3dnowpref, lzcnt, ht, tsc, tscinvbit, bmi1, bmi2, adx, fma

Memory: 4k page, system-wide physical 8035M (518M free)
TotalPageFile size 22852M (AvailPageFile size 58M)
current process WorkingSet (physical memory assigned to process): 9M, peak: 9M
current process commit charge ("private bytes"): 59M, peak: 123M

vm_info: OpenJDK 64-Bit Server VM (11.0.18+10-LTS) for windows-amd64 JRE (11.0.18+10-LTS), built on Jan 18 2023 15:56:47 by "MicrosoftCorporation" with MS VC++ 15.9 (VS2017)

END.
